<?xml version="1.0" encoding="UTF-8"?>
<!-- Generated by org.testng.reporters.JUnitReportReporter -->
<testsuite skipped="0" hostname="LIN24006016" name="com.qa.opencart.tests.LoginPageTest" tests="6" failures="0" timestamp="2025-04-29T16:31:14 IST" time="3.412" errors="0">
  <testcase name="loginPageNavigationTest" time="0.496" classname="com.qa.opencart.tests.LoginPageTest"/>
  <system-out/>
  <testcase name="loginPageNavigationTest" time="1.027" classname="com.qa.opencart.tests.LoginPageTest"/>
  <system-out/>
  <testcase name="forgorpwdLinkExistTest" time="0.041" classname="com.qa.opencart.tests.LoginPageTest"/>
  <system-out/>
  <testcase name="forgorpwdLinkExistTest" time="0.191" classname="com.qa.opencart.tests.LoginPageTest"/>
  <system-out/>
  <testcase name="appLoginTest" time="0.778" classname="com.qa.opencart.tests.LoginPageTest"/>
  <system-out/>
  <testcase name="appLoginTest" time="0.879" classname="com.qa.opencart.tests.LoginPageTest"/>
  <system-out/>
</testsuite> <!-- com.qa.opencart.tests.LoginPageTest -->
