<?xml version="1.0" encoding="UTF-8"?>
<!-- Generated by org.testng.reporters.JUnitReportReporter -->
<testsuite skipped="0" hostname="LIN24006016" name="com.qa.opencart.tests.HomePageTest" tests="10" failures="0" timestamp="2025-04-29T16:31:14 IST" time="4.035" errors="0">
  <testcase name="serchTest" time="0.720" classname="com.qa.opencart.tests.HomePageTest"/>
  <system-out/>
  <testcase name="getHomePageTitle" time="0.091" classname="com.qa.opencart.tests.HomePageTest"/>
  <system-out/>
  <testcase name="serchTest" time="0.817" classname="com.qa.opencart.tests.HomePageTest"/>
  <system-out/>
  <testcase name="serchTest" time="0.603" classname="com.qa.opencart.tests.HomePageTest"/>
  <system-out/>
  <testcase name="serchTest" time="0.537" classname="com.qa.opencart.tests.HomePageTest"/>
  <system-out/>
  <testcase name="getHomePageURL" time="0.003" classname="com.qa.opencart.tests.HomePageTest"/>
  <system-out/>
  <testcase name="getHomePageURL" time="0.003" classname="com.qa.opencart.tests.HomePageTest"/>
  <system-out/>
  <testcase name="getHomePageTitle" time="0.132" classname="com.qa.opencart.tests.HomePageTest"/>
  <system-out/>
  <testcase name="serchTest" time="0.559" classname="com.qa.opencart.tests.HomePageTest"/>
  <system-out/>
  <testcase name="serchTest" time="0.570" classname="com.qa.opencart.tests.HomePageTest"/>
  <system-out/>
</testsuite> <!-- com.qa.opencart.tests.HomePageTest -->
