<?xml version="1.0" encoding="UTF-8"?>
<!-- Generated by org.testng.reporters.JUnitReportReporter -->
<testsuite skipped="1" hostname="LIN24006016" name="testcases.DoubleAndRightClick" tests="2" failures="0" timestamp="2025-07-05T16:24:01 IST" time="28.557" errors="0">
  <testcase name="test2" time="28.557" classname="testcases.DoubleAndRightClick"/>
  <system-out/>
  <testcase name="test1" classname="testcases.DoubleAndRightClick">
    <skipped/>
  </testcase> <!-- test1 -->
  <system-out/>
</testsuite> <!-- testcases.DoubleAndRightClick -->
