<?xml version="1.0" encoding="UTF-8"?>
<!-- Generated by org.testng.reporters.JUnitReportReporter -->
<testsuite skipped="0" hostname="LIN24006016" name="Maven_Testng.Maven_Testng.Demo_class" tests="2" failures="0" timestamp="2024-06-08T15:40:21 IST" time="93.739" errors="0">
  <testcase name="chromedriversetup" time="36.454" classname="Maven_Testng.Maven_Testng.Demo_class"/>
  <system-out/>
  <testcase name="selectDevice" time="57.285" classname="Maven_Testng.Maven_Testng.Demo_class"/>
  <system-out/>
</testsuite> <!-- Maven_Testng.Maven_Testng.Demo_class -->
