<?xml version="1.0" encoding="UTF-8"?>
<!-- Generated by org.testng.reporters.JUnitReportReporter -->
<testsuite hostname="LIN24006016" failures="0" tests="1" name="Maven_Testng.Maven_Testng.Alerts_Handling_2ndCase" time="20.946" errors="0" timestamp="2023-09-23T22:45:51 IST" skipped="0">
  <testcase classname="Maven_Testng.Maven_Testng.Alerts_Handling_2ndCase" name="setUp" time="20.946"/>
  <system-out/>
</testsuite> <!-- Maven_Testng.Maven_Testng.Alerts_Handling_2ndCase -->
