<?xml version="1.0" encoding="UTF-8"?>
<!-- Generated by org.testng.reporters.JUnitReportReporter -->
<testsuite skipped="0" hostname="LIN24006016" name="Maven_Testng.Maven_Testng.Parameter_Annotation" tests="1" failures="0" timestamp="2024-08-04T22:41:41 IST" time="18.316" errors="0">
  <testcase name="parameter" time="18.316" classname="Maven_Testng.Maven_Testng.Parameter_Annotation"/>
  <system-out/>
</testsuite> <!-- Maven_Testng.Maven_Testng.Parameter_Annotation -->
