<?xml version="1.0" encoding="UTF-8"?>
<!-- Generated by org.testng.reporters.JUnitReportReporter -->
<testsuite skipped="0" hostname="LIN24006016" name="Maven_Testng.Maven_Testng.Flipkart_scenario" tests="1" failures="0" timestamp="2024-08-30T21:19:14 IST" time="22.155" errors="0">
  <testcase name="launch_browser" time="22.155" classname="Maven_Testng.Maven_Testng.Flipkart_scenario"/>
  <system-out/>
</testsuite> <!-- Maven_Testng.Maven_Testng.Flipkart_scenario -->
