<?xml version="1.0" encoding="UTF-8"?>
<!-- Generated by org.testng.reporters.JUnitReportReporter -->
<testsuite skipped="0" hostname="LIN24006016" name="Maven_Testng.Maven_Testng.Drag_And_Drop" tests="1" failures="0" timestamp="2025-06-27T16:04:55 IST" time="42.390" errors="0">
  <testcase name="dragAndDrop" time="42.390" classname="Maven_Testng.Maven_Testng.Drag_And_Drop"/>
  <system-out/>
</testsuite> <!-- Maven_Testng.Maven_Testng.Drag_And_Drop -->
