<?xml version="1.0" encoding="UTF-8"?>
<!-- Generated by org.testng.reporters.JUnitReportReporter -->
<testsuite skipped="0" hostname="LIN24006016" name="Maven_Testng.Maven_Testng.Javascript_Handling" tests="1" failures="0" timestamp="2024-06-09T11:42:12 IST" time="37.983" errors="0">
  <testcase name="checking_all_javascriptsMehtods" time="37.983" classname="Maven_Testng.Maven_Testng.Javascript_Handling"/>
  <system-out/>
</testsuite> <!-- Maven_Testng.Maven_Testng.Javascript_Handling -->
