<?xml version="1.0" encoding="UTF-8"?>
<!-- Generated by org.testng.reporters.JUnitReportReporter -->
<testsuite skipped="0" hostname="LIN24006016" name="Maven_Testng.Maven_Testng.WebLinksonPage" tests="1" failures="0" timestamp="2024-08-30T18:44:09 IST" time="42.192" errors="0">
  <testcase name="checking_All_links" time="42.192" classname="Maven_Testng.Maven_Testng.WebLinksonPage"/>
  <system-out/>
</testsuite> <!-- Maven_Testng.Maven_Testng.WebLinksonPage -->
