<?xml version="1.0" encoding="UTF-8"?>
<!-- Generated by org.testng.reporters.JUnitReportReporter -->
<testsuite skipped="0" hostname="LIN24006016" name="Maven_Testng.Maven_Testng.DataProviderExamplle" tests="3" failures="0" timestamp="2024-08-04T22:22:47 IST" time="0.016" errors="0">
  <testcase name="LogIn" time="0.002" classname="Maven_Testng.Maven_Testng.DataProviderExamplle"/>
  <system-out/>
  <testcase name="LogIn" time="0.002" classname="Maven_Testng.Maven_Testng.DataProviderExamplle"/>
  <system-out/>
  <testcase name="LogIn" time="0.012" classname="Maven_Testng.Maven_Testng.DataProviderExamplle"/>
  <system-out/>
</testsuite> <!-- Maven_Testng.Maven_Testng.DataProviderExamplle -->
