<?xml version="1.0" encoding="UTF-8"?>
<!-- Generated by org.testng.reporters.JUnitReportReporter -->
<testsuite skipped="0" hostname="LIN24006016" name="Maven_Testng.Maven_Testng.Alerts_Handling_And_ColourValidation" tests="1" failures="0" timestamp="2025-07-28T22:20:34 IST" time="45.961" errors="0">
  <testcase name="setUp" time="45.961" classname="Maven_Testng.Maven_Testng.Alerts_Handling_And_ColourValidation"/>
  <system-out/>
</testsuite> <!-- Maven_Testng.Maven_Testng.Alerts_Handling_And_ColourValidation -->
