<?xml version="1.0" encoding="UTF-8"?>
<!-- Generated by org.testng.reporters.JUnitReportReporter -->
<testsuite skipped="0" hostname="LIN24006016" name="Maven_Testng.Maven_Testng.ReadWrightExcel2" tests="2" failures="0" timestamp="2025-08-27T15:19:22 IST" time="0.009" errors="0">
  <testcase name="loginTest" time="0.007" classname="Maven_Testng.Maven_Testng.ReadWrightExcel2"/>
  <system-out/>
  <testcase name="loginTest" time="0.002" classname="Maven_Testng.Maven_Testng.ReadWrightExcel2"/>
  <system-out/>
</testsuite> <!-- Maven_Testng.Maven_Testng.ReadWrightExcel2 -->
