<?xml version="1.0" encoding="UTF-8"?>
<!-- Generated by org.testng.reporters.JUnitReportReporter -->
<testsuite skipped="0" hostname="LIN24006016" name="Maven_Testng.Maven_Testng.Alerts_Handling_And_ColourValidation" tests="1" failures="0" timestamp="2025-08-30T20:51:58 IST" time="47.525" errors="0">
  <testcase name="setUp" time="47.525" classname="Maven_Testng.Maven_Testng.Alerts_Handling_And_ColourValidation"/>
  <system-out/>
</testsuite> <!-- Maven_Testng.Maven_Testng.Alerts_Handling_And_ColourValidation -->
