<?xml version="1.0" encoding="UTF-8"?>
<!-- Generated by org.testng.reporters.JUnitReportReporter -->
<testsuite skipped="0" hostname="LIN24006016" name="Maven_Testng.Maven_Testng.ReadExcelOneMoreExample3" tests="1" failures="0" timestamp="2025-09-14T22:36:27 IST" time="0.006" errors="0">
  <testcase name="runSpecificTest" time="0.006" classname="Maven_Testng.Maven_Testng.ReadExcelOneMoreExample3"/>
  <system-out/>
</testsuite> <!-- Maven_Testng.Maven_Testng.ReadExcelOneMoreExample3 -->
