<?xml version="1.0" encoding="UTF-8"?>
<!-- Generated by org.testng.reporters.JUnitReportReporter -->
<testsuite skipped="0" hostname="LIN24006016" name="Maven_Testng.Maven_Testng.Frame_Works_Handling" tests="2" failures="0" timestamp="2024-06-09T11:07:33 IST" time="31.496" errors="0">
  <testcase name="frameworks" time="27.678" classname="Maven_Testng.Maven_Testng.Frame_Works_Handling"/>
  <system-out/>
  <testcase name="frames_check" time="3.818" classname="Maven_Testng.Maven_Testng.Frame_Works_Handling"/>
  <system-out/>
</testsuite> <!-- Maven_Testng.Maven_Testng.Frame_Works_Handling -->
