<?xml version="1.0" encoding="UTF-8"?>
<!-- Generated by org.testng.reporters.JUnitReportReporter -->
<testsuite skipped="0" hostname="LIN24006016" name="Maven_Testng.Maven_Testng.BrokenLinks" tests="2" failures="0" timestamp="2024-07-27T22:30:30 IST" time="94.399" errors="0">
  <testcase name="openBrowser" time="20.278" classname="Maven_Testng.Maven_Testng.BrokenLinks"/>
  <system-out/>
  <testcase name="findingBrokenLinks" time="74.121" classname="Maven_Testng.Maven_Testng.BrokenLinks"/>
  <system-out/>
</testsuite> <!-- Maven_Testng.Maven_Testng.BrokenLinks -->
