<?xml version="1.0" encoding="UTF-8"?>
<!-- Generated by org.testng.reporters.JUnitReportReporter -->
<testsuite hostname="LIN24006016" failures="0" tests="1" name="Maven_Testng.Maven_Testng.NewTest" time="0.011" errors="0" timestamp="2023-09-05T17:34:39 IST" skipped="0">
  <testcase classname="Maven_Testng.Maven_Testng.NewTest" name="f1" time="0.011"/>
  <system-out/>
</testsuite> <!-- Maven_Testng.Maven_Testng.NewTest -->
