<?xml version="1.0" encoding="UTF-8"?>
<!-- Generated by org.testng.reporters.JUnitReportReporter -->
<testsuite skipped="0" hostname="LIN24006016" name="Maven_Testng.Maven_Testng.Listcomparison" tests="2" failures="0" timestamp="2025-09-27T16:52:42 IST" time="0.016" errors="0">
  <testcase name="compareMap" time="0.002" classname="Maven_Testng.Maven_Testng.Listcomparison"/>
  <system-out/>
  <testcase name="compareList" time="0.014" classname="Maven_Testng.Maven_Testng.Listcomparison"/>
  <system-out/>
</testsuite> <!-- Maven_Testng.Maven_Testng.Listcomparison -->
