<?xml version="1.0" encoding="UTF-8"?>
<!-- Generated by org.testng.reporters.JUnitReportReporter -->
<testsuite skipped="0" hostname="LIN24006016" name="Maven_Testng.Maven_Testng.TestNg_Annotations" tests="5" failures="0" timestamp="2025-09-22T22:51:10 IST" time="0.012" errors="0">
  <testcase name="launchbrowser" time="0.005" classname="Maven_Testng.Maven_Testng.TestNg_Annotations"/>
  <system-out/>
  <testcase name="logintoapp" time="0.002" classname="Maven_Testng.Maven_Testng.TestNg_Annotations"/>
  <system-out/>
  <testcase name="serach_app" time="0.002" classname="Maven_Testng.Maven_Testng.TestNg_Annotations"/>
  <system-out/>
  <testcase name="actionson_app" time="0.001" classname="Maven_Testng.Maven_Testng.TestNg_Annotations"/>
  <system-out/>
  <testcase name="logout_app" time="0.002" classname="Maven_Testng.Maven_Testng.TestNg_Annotations"/>
  <system-out/>
</testsuite> <!-- Maven_Testng.Maven_Testng.TestNg_Annotations -->
