<?xml version="1.0" encoding="UTF-8"?>
<!-- Generated by org.testng.reporters.JUnitReportReporter -->
<testsuite skipped="0" hostname="LIN24006016" name="Maven_Testng.Maven_Testng.ReadExcelOneMoreExample2" tests="1" failures="0" timestamp="2025-08-28T19:29:02 IST" time="0.005" errors="0">
  <testcase name="runSpecificTest" time="0.005" classname="Maven_Testng.Maven_Testng.ReadExcelOneMoreExample2"/>
  <system-out/>
</testsuite> <!-- Maven_Testng.Maven_Testng.ReadExcelOneMoreExample2 -->
