<?xml version="1.0" encoding="UTF-8"?>
<!-- Generated by org.testng.reporters.JUnitReportReporter -->
<testsuite skipped="0" hostname="LIN24006016" name="Annotations.Test_demo" tests="2" failures="0" timestamp="2024-08-30T15:49:03 IST" time="0.019" errors="0">
  <testcase name="g" time="0.015" classname="Annotations.Test_demo"/>
  <system-out/>
  <testcase name="h" time="0.004" classname="Annotations.Test_demo"/>
  <system-out/>
</testsuite> <!-- Annotations.Test_demo -->
