<?xml version="1.0" encoding="UTF-8"?>
<!-- Generated by org.testng.reporters.JUnitReportReporter -->
<testsuite skipped="0" hostname="LIN24006016" name="Maven_Testng.Maven_Testng.Streams" tests="1" failures="0" timestamp="2025-09-28T15:04:59 IST" time="0.018" errors="0">
  <testcase name="removeDuplicateUsingStream" time="0.018" classname="Maven_Testng.Maven_Testng.Streams"/>
  <system-out/>
</testsuite> <!-- Maven_Testng.Maven_Testng.Streams -->
