<?xml version="1.0" encoding="UTF-8"?>
<!-- Generated by org.testng.reporters.JUnitReportReporter -->
<testsuite skipped="2" hostname="LIN24006016" name="Java_Programs.StringsSwap" tests="3" failures="0" timestamp="2025-10-01T01:00:34 IST" time="0.009" errors="0">
  <testcase name="swap" time="0.009" classname="Java_Programs.StringsSwap"/>
  <system-out/>
  <testcase name="charCount" classname="Java_Programs.StringsSwap">
    <skipped/>
  </testcase> <!-- charCount -->
  <system-out/>
  <testcase name="twiseLetter" classname="Java_Programs.StringsSwap">
    <skipped/>
  </testcase> <!-- twiseLetter -->
  <system-out/>
</testsuite> <!-- Java_Programs.StringsSwap -->
