<?xml version="1.0" encoding="UTF-8"?>
<!-- Generated by org.testng.reporters.JUnitReportReporter -->
<testsuite skipped="1" hostname="LIN24006016" name="DataDriven.LoginTest" tests="1" failures="0" timestamp="2025-08-27T14:07:52 IST" time="0.000" errors="0">
  <testcase name="testLogin" time="0.000" classname="DataDriven.LoginTest">
    <skipped/>
  </testcase> <!-- testLogin -->
  <system-out/>
</testsuite> <!-- DataDriven.LoginTest -->
