<?xml version="1.0" encoding="UTF-8"?>
<!-- Generated by org.testng.reporters.JUnitReportReporter -->
<testsuite skipped="0" hostname="LIN24006016" name="Maven_Testng.Maven_Testng.VerifyDescendingOrderPrice" tests="3" failures="1" timestamp="2024-11-01T20:02:58 IST" time="35.363" errors="0">
  <testcase name="appLogin" time="24.489" classname="Maven_Testng.Maven_Testng.VerifyDescendingOrderPrice"/>
  <system-out/>
  <testcase name="verifyTextInTheDroDown" time="0.294" classname="Maven_Testng.Maven_Testng.VerifyDescendingOrderPrice"/>
  <system-out/>
  <testcase name="verifyPriceOf" time="10.580" classname="Maven_Testng.Maven_Testng.VerifyDescendingOrderPrice">
    <failure type="junit.framework.AssertionFailedError" message="expected:&lt;[7.99, 9.99, 15.99, 15.99, 29.99, 49.99]&gt; but was:&lt;[49.99, 29.99, 15.99, 15.99, 9.99, 7.99]&gt;">
      <![CDATA[junit.framework.AssertionFailedError: expected:<[7.99, 9.99, 15.99, 15.99, 29.99, 49.99]> but was:<[49.99, 29.99, 15.99, 15.99, 9.99, 7.99]>
at junit.framework.Assert.fail(Assert.java:57)
at junit.framework.Assert.failNotEquals(Assert.java:329)
at junit.framework.Assert.assertEquals(Assert.java:78)
at junit.framework.Assert.assertEquals(Assert.java:86)
at Maven_Testng.Maven_Testng.VerifyDescendingOrderPrice.verifyPriceOf(VerifyDescendingOrderPrice.java:74)
at sun.reflect.NativeMethodAccessorImpl.invoke0(Native Method)
at sun.reflect.NativeMethodAccessorImpl.invoke(NativeMethodAccessorImpl.java:62)
at sun.reflect.DelegatingMethodAccessorImpl.invoke(DelegatingMethodAccessorImpl.java:43)
at java.lang.reflect.Method.invoke(Method.java:498)
at org.testng.internal.MethodInvocationHelper.invokeMethod(MethodInvocationHelper.java:133)
at org.testng.internal.TestInvoker.invokeMethod(TestInvoker.java:598)
at org.testng.internal.TestInvoker.invokeTestMethod(TestInvoker.java:173)
at org.testng.internal.MethodRunner.runInSequence(MethodRunner.java:46)
at org.testng.internal.TestInvoker$MethodInvocationAgent.invoke(TestInvoker.java:824)
at org.testng.internal.TestInvoker.invokeTestMethods(TestInvoker.java:146)
at org.testng.internal.TestMethodWorker.invokeTestMethods(TestMethodWorker.java:146)
at org.testng.internal.TestMethodWorker.run(TestMethodWorker.java:128)
at java.util.ArrayList.forEach(ArrayList.java:1257)
at org.testng.TestRunner.privateRun(TestRunner.java:794)
at org.testng.TestRunner.run(TestRunner.java:596)
at org.testng.SuiteRunner.runTest(SuiteRunner.java:377)
at org.testng.SuiteRunner.runSequentially(SuiteRunner.java:371)
at org.testng.SuiteRunner.privateRun(SuiteRunner.java:332)
at org.testng.SuiteRunner.run(SuiteRunner.java:276)
at org.testng.SuiteRunnerWorker.runSuite(SuiteRunnerWorker.java:53)
at org.testng.SuiteRunnerWorker.run(SuiteRunnerWorker.java:96)
at org.testng.TestNG.runSuitesSequentially(TestNG.java:1212)
at org.testng.TestNG.runSuitesLocally(TestNG.java:1134)
at org.testng.TestNG.runSuites(TestNG.java:1063)
at org.testng.TestNG.run(TestNG.java:1031)
at org.testng.remote.AbstractRemoteTestNG.run(AbstractRemoteTestNG.java:115)
at org.testng.remote.RemoteTestNG.initAndRun(RemoteTestNG.java:251)
at org.testng.remote.RemoteTestNG.main(RemoteTestNG.java:77)
]]>
    </failure>
  </testcase> <!-- verifyPriceOf -->
  <system-out/>
</testsuite> <!-- Maven_Testng.Maven_Testng.VerifyDescendingOrderPrice -->
