<?xml version="1.0" encoding="UTF-8"?>
<!-- Generated by org.testng.reporters.JUnitReportReporter -->
<testsuite skipped="0" hostname="LIN24006016" name="payloads.DynamicJson" tests="3" failures="0" timestamp="09 Sep 2025 09:22:19 GMT" time="3.170" errors="0">
  <testcase name="addBook" time="0.248" classname="payloads.DynamicJson"/>
  <testcase name="addBook" time="2.708" classname="payloads.DynamicJson"/>
  <testcase name="addBook" time="0.214" classname="payloads.DynamicJson"/>
</testsuite> <!-- payloads.DynamicJson -->
